<?xml version="1.0" encoding="UTF-8"?>
<testng-results skipped="0" failed="0" total="1" passed="1">
  <reporter-output>
  </reporter-output>
  <suite name="TestNG" duration-ms="31799" started-at="2019-07-24T07:33:24Z" finished-at="2019-07-24T07:33:56Z">
    <groups>
    </groups>
    <test name="parameters" duration-ms="31799" started-at="2019-07-24T07:33:24Z" finished-at="2019-07-24T07:33:56Z">
      <class name="TrainingPackage.ParaTestNG">
        <test-method status="PASS" signature="logintest(java.lang.String, java.lang.String, java.lang.String, java.lang.String)[pri:0, instance:TrainingPackage.ParaTestNG@45c8e616]" name="logintest" duration-ms="31745" started-at="2019-07-24T13:03:25Z" finished-at="2019-07-24T13:03:56Z">
          <params>
            <param index="0">
              <value>
                <![CDATA[chrome]]>
              </value>
            </param>
            <param index="1">
              <value>
                <![CDATA[https://academynet.com/]]>
              </value>
            </param>
            <param index="2">
              <value>
                <![CDATA[admin]]>
              </value>
            </param>
            <param index="3">
              <value>
                <![CDATA[fl33t]]>
              </value>
            </param>
          </params>
          <reporter-output>
          </reporter-output>
        </test-method> <!-- logintest -->
      </class> <!-- TrainingPackage.ParaTestNG -->
    </test> <!-- parameters -->
  </suite> <!-- TestNG -->
</testng-results>
